<?xml version="1.0" encoding="UTF-8"?>
<!-- Generated by org.testng.reporters.JUnitReportReporter -->
<testsuite skipped="0" hostname="qainfotech-HP-Pro-3330-MT" name="com.qait.practice.tatoc.ActionTest1" tests="3" failures="0" timestamp="28 Feb 2019 03:49:15 GMT" time="1.263" errors="0">
  <testcase name="validateGrid" time="1.097" classname="com.qait.practice.tatoc.ActionTest1"/>
  <testcase name="boxColorMatch" time="0.158" classname="com.qait.practice.tatoc.ActionTest1"/>
  <testcase name="dragAndDrop" time="0.008" classname="com.qait.practice.tatoc.ActionTest1"/>
</testsuite> <!-- com.qait.practice.tatoc.ActionTest1 -->
