<?xml version="1.0" encoding="UTF-8"?>
<!-- Generated by org.testng.reporters.JUnitReportReporter -->
<testsuite skipped="0" hostname="qainfotech-HP-Pro-3330-MT" name="com.qait.practice.tatoc.ActionTest" tests="4" failures="0" timestamp="01 Mar 2019 09:02:46 GMT" time="2.784" errors="0">
  <testcase name="boxColorMatch" time="0.858" classname="com.qait.practice.tatoc.ActionTest"/>
  <testcase name="validateGrid" time="1.140" classname="com.qait.practice.tatoc.ActionTest"/>
  <testcase name="dragAndDrop" time="0.327" classname="com.qait.practice.tatoc.ActionTest"/>
  <testcase name="popUpWindow" time="0.459" classname="com.qait.practice.tatoc.ActionTest"/>
</testsuite> <!-- com.qait.practice.tatoc.ActionTest -->
