<?xml version="1.0" encoding="UTF-8"?>
<!-- Generated by org.testng.reporters.JUnitReportReporter -->
<testsuite skipped="0" hostname="HPDB0264" name="com.qait.practice.tatoc.TestTheAction" tests="4" failures="0" timestamp="22 Mar 2019 08:02:38 GMT" time="3.788" errors="0">
  <testcase name="dragAndDropTest" time="0.443" classname="com.qait.practice.tatoc.TestTheAction"/>
  <testcase name="validateGridTest" time="0.513" classname="com.qait.practice.tatoc.TestTheAction"/>
  <testcase name="popUpWindowTest" time="1.535" classname="com.qait.practice.tatoc.TestTheAction"/>
  <testcase name="boxColorMatchTest" time="1.297" classname="com.qait.practice.tatoc.TestTheAction"/>
</testsuite> <!-- com.qait.practice.tatoc.TestTheAction -->
